#
# There is insufficient memory for the Java Runtime Environment to continue.
# Native memory allocation (malloc) failed to allocate 1048576 bytes for AllocateHeap
# Possible reasons:
#   The system is out of physical RAM or swap space
#   The process is running with CompressedOops enabled, and the Java Heap may be blocking the growth of the native heap
# Possible solutions:
#   Reduce memory load on the system
#   Increase physical memory or swap space
#   Check if swap backing store is full
#   Decrease Java heap size (-Xmx/-Xms)
#   Decrease number of Java threads
#   Decrease Java thread stack sizes (-Xss)
#   Set larger code cache with -XX:ReservedCodeCacheSize=
#   JVM is running with Unscaled Compressed Oops mode in which the Java heap is
#     placed in the first 4GB address space. The Java Heap base address is the
#     maximum limit for the native heap growth. Please use -XX:HeapBaseMinAddress
#     to set the Java Heap base and to place the Java Heap above 4GB virtual address.
# This output file may be truncated or incomplete.
#
#  Out of Memory Error (memory/allocation.inline.hpp:61), pid=22372, tid=0x0000000000005c4c
#
# JRE version:  (8.0_202-b08) (build )
# Java VM: Java HotSpot(TM) 64-Bit Server VM (25.202-b08 mixed mode windows-amd64 compressed oops)
# Failed to write core dump. Minidumps are not enabled by default on client versions of Windows
#

---------------  T H R E A D  ---------------

Current thread (0x00000000032ad800):  JavaThread "Unknown thread" [_thread_in_vm, id=23628, stack(0x0000000003120000,0x0000000003220000)]

Stack: [0x0000000003120000,0x0000000003220000]
[error occurred during error reporting (printing stack bounds), id 0xc0000005]

Native frames: (J=compiled Java code, j=interpreted, Vv=VM code, C=native code)


---------------  P R O C E S S  ---------------

Java Threads: ( => current thread )

Other Threads:

=>0x00000000032ad800 (exited) JavaThread "Unknown thread" [_thread_in_vm, id=23628, stack(0x0000000003120000,0x0000000003220000)]

VM state:not at safepoint (normal execution)

VM Mutex/Monitor currently owned by a thread: None

heap address: 0x0000000082600000, size: 2010 MB, Compressed Oops mode: 32-bit
Narrow klass base: 0x0000000000000000, Narrow klass shift: 3
Compressed class space size: 1073741824 Address: 0x0000000100000000

Heap:
 PSYoungGen      total 37888K, used 655K [0x00000000d6200000, 0x00000000d8c00000, 0x0000000100000000)
  eden space 32768K, 2% used [0x00000000d6200000,0x00000000d62a3d80,0x00000000d8200000)
  from space 5120K, 0% used [0x00000000d8700000,0x00000000d8700000,0x00000000d8c00000)
  to   space 5120K, 0% used [0x00000000d8200000,0x00000000d8200000,0x00000000d8700000)
 ParOldGen       total 86016K, used 0K [0x0000000082600000, 0x0000000087a00000, 0x00000000d6200000)
  object space 86016K, 0% used [0x0000000082600000,0x0000000082600000,0x0000000087a00000)
 Metaspace       used 775K, capacity 4480K, committed 4480K, reserved 1056768K
  class space    used 76K, capacity 384K, committed 384K, reserved 1048576K

Card table byte_map: [0x0000000012770000,0x0000000012b60000] byte_map_base: 0x000000001235d000

Marking Bits: (ParMarkBitMap*) 0x0000000076ab5ce0
 Begin Bits: [0x0000000013600000, 0x0000000015568000)
 End Bits:   [0x0000000015568000, 0x00000000174d0000)

Polling page: 0x00000000018c0000

CodeCache: size=245760Kb used=328Kb max_used=328Kb free=245431Kb
 bounds [0x00000000033b0000, 0x0000000003620000, 0x00000000123b0000]
 total_blobs=58 nmethods=0 adapters=38
 compilation: enabled

Compilation events (0 events):
No events

GC Heap History (0 events):
No events

Deoptimization events (0 events):
No events

Classes redefined (0 events):
No events

Internal exceptions (0 events):
No events

Events (10 events):
Event: 0.021 loading class java/lang/Short
Event: 0.021 loading class java/lang/Short done
Event: 0.021 loading class java/lang/Integer
Event: 0.021 loading class java/lang/Integer done
Event: 0.021 loading class java/lang/Long
Event: 0.021 loading class java/lang/Long done
Event: 0.022 loading class java/lang/NullPointerException
Event: 0.022 loading class java/lang/NullPointerException done
Event: 0.022 loading class java/lang/ArithmeticException
Event: 0.022 loading class java/lang/ArithmeticException done


Dynamic libraries:
0x00007ff774fb0000 - 0x00007ff774fe7000 	C:\Program Files\Java\jdk1.8.0_202\bin\java.exe
0x00007ff8c4cb0000 - 0x00007ff8c4ec7000 	C:\WINDOWS\SYSTEM32\ntdll.dll
0x00007ff8c3ee0000 - 0x00007ff8c3fa4000 	C:\WINDOWS\System32\KERNEL32.DLL
0x00007ff8c23d0000 - 0x00007ff8c277d000 	C:\WINDOWS\System32\KERNELBASE.dll
0x00007ff8c29e0000 - 0x00007ff8c2a92000 	C:\WINDOWS\System32\ADVAPI32.dll
0x00007ff8c46f0000 - 0x00007ff8c4797000 	C:\WINDOWS\System32\msvcrt.dll
0x00007ff8c3a00000 - 0x00007ff8c3aa9000 	C:\WINDOWS\System32\sechost.dll
0x00007ff8c29b0000 - 0x00007ff8c29d8000 	C:\WINDOWS\System32\bcrypt.dll
0x00007ff8c3870000 - 0x00007ff8c3984000 	C:\WINDOWS\System32\RPCRT4.dll
0x00007ff8c44d0000 - 0x00007ff8c467e000 	C:\WINDOWS\System32\USER32.dll
0x00007ff8c2170000 - 0x00007ff8c2196000 	C:\WINDOWS\System32\win32u.dll
0x00007ff8c4a90000 - 0x00007ff8c4ab9000 	C:\WINDOWS\System32\GDI32.dll
0x00007ff8c2780000 - 0x00007ff8c2899000 	C:\WINDOWS\System32\gdi32full.dll
0x00007ff8c28a0000 - 0x00007ff8c293a000 	C:\WINDOWS\System32\msvcp_win.dll
0x00007ff8c1fd0000 - 0x00007ff8c20e1000 	C:\WINDOWS\System32\ucrtbase.dll
0x00007ff8aaf60000 - 0x00007ff8ab1f3000 	C:\WINDOWS\WinSxS\amd64_microsoft.windows.common-controls_6595b64144ccf1df_6.0.22621.3672_none_2713b9d173822955\COMCTL32.dll
0x00007ff8c4010000 - 0x00007ff8c4041000 	C:\WINDOWS\System32\IMM32.DLL
0x00000000761b0000 - 0x0000000076282000 	C:\Program Files\Java\jdk1.8.0_202\jre\bin\msvcr100.dll
0x0000000076290000 - 0x0000000076b35000 	C:\Program Files\Java\jdk1.8.0_202\jre\bin\server\jvm.dll
0x00007ff8c3990000 - 0x00007ff8c3998000 	C:\WINDOWS\System32\PSAPI.DLL
0x00007ff8bd760000 - 0x00007ff8bd794000 	C:\WINDOWS\SYSTEM32\WINMM.dll
0x00007ff8b9b40000 - 0x00007ff8b9b4a000 	C:\WINDOWS\SYSTEM32\VERSION.dll
0x00007ff8bdd10000 - 0x00007ff8bdd19000 	C:\WINDOWS\SYSTEM32\WSOCK32.dll
0x00007ff8c47a0000 - 0x00007ff8c4811000 	C:\WINDOWS\System32\WS2_32.dll
0x00007ff8bdd00000 - 0x00007ff8bdd0f000 	C:\Program Files\Java\jdk1.8.0_202\jre\bin\verify.dll
0x00007ff8bd7f0000 - 0x00007ff8bd819000 	C:\Program Files\Java\jdk1.8.0_202\jre\bin\java.dll
0x00007ff8bce90000 - 0x00007ff8bcea6000 	C:\Program Files\Java\jdk1.8.0_202\jre\bin\zip.dll

VM Arguments:
jvm_args: -Dfile.encoding=UTF-8 
java_command: Global_bank.Signup
java_class_path (initial): C:\Users\hp\Downloads\jcalendar-1.4\lib\jcalendar-1.4.jar;C:\Program Files\NetBeans 8.0.2\java\modules\ext\AbsoluteLayout.jar;C:\Users\hp\Downloads\mysql-connector-j-9.0.0\mysql-connector-j-9.0.0\mysql-connector-j-9.0.0.jar;C:\Users\hp\Desktop\Global-Bank\build\classes
Launcher Type: SUN_STANDARD

Environment Variables:
PATH=C:\Program Files\Common Files\Oracle\Java\javapath;C:\Program Files (x86)\Common Files\Oracle\Java\javapath;C:\WINDOWS\system32;C:\WINDOWS;C:\WINDOWS\System32\Wbem;C:\WINDOWS\System32\WindowsPowerShell\v1.0\;C:\WINDOWS\System32\OpenSSH\;C:\Program Files\Git\cmd;C:\Program Files\MySQL\MySQL Shell 8.0\bin\;C:\Users\hp\AppData\Local\Microsoft\WindowsApps;C:\ProgramData\hp\GitHubDesktop\bin;C:\Users\hp\AppData\Local\Programs\Microsoft VS Code\bin;C:\Program Files\Java\jre1.8.0_202\bin;C:\Program Files\Java\jdk1.8.0_202\bin;
USERNAME=hp
OS=Windows_NT
PROCESSOR_IDENTIFIER=Intel64 Family 6 Model 142 Stepping 12, GenuineIntel



---------------  S Y S T E M  ---------------

OS: Windows 10.0 , 64 bit Build 22621 (10.0.22621.3958)

CPU:total 8 (initial active 8) (4 cores per cpu, 2 threads per core) family 6 model 142 stepping 12, cmov, cx8, fxsr, mmx, sse, sse2, sse3, ssse3, sse4.1, sse4.2, popcnt, avx, avx2, aes, clmul, erms, 3dnowpref, lzcnt, ht, tsc, tscinvbit, bmi1, bmi2, adx

Memory: 4k page, physical 8231932k(511040k free), swap 22180116k(3992k free)

vm_info: Java HotSpot(TM) 64-Bit Server VM (25.202-b08) for windows-amd64 JRE (1.8.0_202-b08), built on Dec 15 2018 19:54:30 by "java_re" with MS VC++ 10.0 (VS2010)

time: Tue Sep 10 03:41:13 2024
timezone: India Standard Time
elapsed time: 0 seconds (0d 0h 0m 0s)

